#
# A fatal error has been detected by the Java Runtime Environment:
#
#  EXCEPTION_ACCESS_VIOLATION (0xc0000005) at pc=0x000000006dba420d, pid=11388, tid=14236
#
# JRE version: 6.0_45-b06
# Java VM: Java HotSpot(TM) 64-Bit Server VM (20.45-b01 mixed mode windows-amd64 compressed oops)
# Problematic frame:
# V  [jvm.dll+0x2c420d]
#
# If you would like to submit a bug report, please visit:
#   http://java.sun.com/webapps/bugreport/crash.jsp
#

---------------  T H R E A D  ---------------

Current thread (0x000000000698d800):  JavaThread "JDWP Transport Listener: dt_socket" daemon [_thread_in_vm, id=14236, stack(0x0000000006b80000,0x0000000006c80000)]

siginfo: ExceptionCode=0xc0000005, reading address 0x0000000000000000

Registers:
RAX=0x0000000000000000, RBX=0x0000000006c7f090, RCX=0x0000000000951650, RDX=0x0000000000000000
RSP=0x0000000006c7ef90, RBP=0x000000000095cca0, RSI=0x0000000000000000, RDI=0x0000000000000000
R8 =0x00000000027c0000, R9 =0x00000000027c5bc2, R10=0x0000000008a50348, R11=0x00000000027c0524
R12=0x000000006da7b07f, R13=0x0000000006c7f0c0, R14=0x0000000008a50318, R15=0x00000000025df658
RIP=0x000000006dba420d, EFLAGS=0x0000000000010246

Top of Stack: (sp=0x0000000006c7ef90)
0x0000000006c7ef90:   0000000000000000 0000000000000000
0x0000000006c7efa0:   0000000006c7f090 0000000006c7f0c0
0x0000000006c7efb0:   0000000000000000 0000000000000000
0x0000000006c7efc0:   0000000000000000 0000000006c7f890
0x0000000006c7efd0:   000000000698d800 000000006dba45f3
0x0000000006c7efe0:   0000000006c7f090 0000000000001368
0x0000000006c7eff0:   000000000698cdd0 0000000006c7f0c0
0x0000000006c7f000:   0000000006c7f090 000000006dac5be9
0x0000000006c7f010:   000000000699afc0 00007ff893eee7f4
0x0000000006c7f020:   0000000006c7f370 000000006dafcaa5
0x0000000006c7f030:   0000000005010004 0000000000000000
0x0000000006c7f040:   0000000006c7f370 0000000006c7f420
0x0000000006c7f050:   0000000000000401 0000000000000000
0x0000000006c7f060:   0000000000000000 000000006dafcc23
0x0000000006c7f070:   0000000008a50020 0000000000001368
0x0000000006c7f080:   0000000008a50310 00000000000003e3 

Instructions: (pc=0x000000006dba420d)
0x000000006dba41ed:   e8 ae 99 df ff 48 85 c0 48 8b f8 74 13 48 3b c6
0x000000006dba41fd:   77 0c 48 63 48 10 48 03 c8 48 3b f1 72 02 33 ff
0x000000006dba420d:   48 8b 07 48 8b cf ff 50 08 33 c9 84 c0 48 0f 45
0x000000006dba421d:   cf 48 8b 7c 24 68 48 85 c9 74 31 48 63 81 a0 00 


Register to memory mapping:

RAX=0x0000000000000000 is an unknown value
RBX=0x0000000006c7f090 is pointing into the stack for thread: 0x000000000698d800
RCX=0x0000000000951650 is an unknown value
RDX=0x0000000000000000 is an unknown value
RSP=0x0000000006c7ef90 is pointing into the stack for thread: 0x000000000698d800
RBP=0x000000000095cca0 is an unknown value
RSI=0x0000000000000000 is an unknown value
RDI=0x0000000000000000 is an unknown value
R8 =0x00000000027c0000 is an unknown value
R9 =0x00000000027c5bc2 is an Interpreter codelet
return entry points  [0x00000000027c5280, 0x00000000027c6840]  5568 bytes
R10=0x0000000008a50348 is an unknown value
R11=StubRoutines::call_stub [0x00000000027c04b7, 0x00000000027c0588[ (209 bytes)R12=0x000000006da7b07f is an unknown value
R13=0x0000000006c7f0c0 is pointing into the stack for thread: 0x000000000698d800
R14=0x0000000008a50318 is an unknown value
R15=0x00000000025df658 is pointing into the stack for thread: 0x000000000095c000


Stack: [0x0000000006b80000,0x0000000006c80000],  sp=0x0000000006c7ef90,  free space=1019k
Native frames: (J=compiled Java code, j=interpreted, Vv=VM code, C=native code)
V  [jvm.dll+0x2c420d]


---------------  P R O C E S S  ---------------

Java Threads: ( => current thread )
  0x0000000006b59000 JavaThread "AWT-EventQueue-0" [_thread_blocked, id=19196, stack(0x0000000007bd0000,0x0000000007cd0000)]
  0x00000000069e3000 JavaThread "AWT-Shutdown" [_thread_blocked, id=12324, stack(0x0000000007510000,0x0000000007610000)]
  0x00000000069e2000 JavaThread "Java2D Disposer" daemon [_thread_blocked, id=11956, stack(0x0000000007360000,0x0000000007460000)]
  0x00000000069aa000 JavaThread "Low Memory Detector" daemon [_thread_blocked, id=20468, stack(0x0000000007080000,0x0000000007180000)]
  0x00000000069a7800 JavaThread "C2 CompilerThread1" daemon [_thread_blocked, id=16464, stack(0x0000000006f80000,0x0000000007080000)]
  0x00000000069a5000 JavaThread "C2 CompilerThread0" daemon [_thread_blocked, id=12424, stack(0x0000000006e80000,0x0000000006f80000)]
  0x0000000006991800 JavaThread "JDWP Event Helper Thread" daemon [_thread_blocked, id=23300, stack(0x0000000006c80000,0x0000000006d80000)]
=>0x000000000698d800 JavaThread "JDWP Transport Listener: dt_socket" daemon [_thread_in_vm, id=14236, stack(0x0000000006b80000,0x0000000006c80000)]
  0x00000000027bb800 JavaThread "Attach Listener" daemon [_thread_blocked, id=11376, stack(0x0000000006880000,0x0000000006980000)]
  0x0000000002785800 JavaThread "Finalizer" daemon [_thread_blocked, id=19340, stack(0x0000000006680000,0x0000000006780000)]
  0x000000000277c800 JavaThread "Reference Handler" daemon [_thread_blocked, id=16392, stack(0x0000000006580000,0x0000000006680000)]
  0x000000000095c000 JavaThread "main" [_thread_blocked, id=22384, stack(0x00000000025c0000,0x00000000026c0000)]

Other Threads:
  0x0000000002776000 VMThread [stack: 0x0000000006480000,0x0000000006580000] [id=464]

VM state:synchronizing (normal execution)

VM Mutex/Monitor currently owned by a thread:  ([mutex/lock_event])
[0x0000000000959680] Threads_lock - owner thread: 0x0000000002776000

Heap
 PSYoungGen      total 18432K, used 14984K [0x00000000eb6b0000, 0x00000000ecb40000, 0x0000000100000000)
  eden space 15808K, 94% used [0x00000000eb6b0000,0x00000000ec552340,0x00000000ec620000)
  from space 2624K, 0% used [0x00000000ec8b0000,0x00000000ec8b0000,0x00000000ecb40000)
  to   space 2624K, 0% used [0x00000000ec620000,0x00000000ec620000,0x00000000ec8b0000)
 PSOldGen        total 42112K, used 0K [0x00000000c2400000, 0x00000000c4d20000, 0x00000000eb6b0000)
  object space 42112K, 0% used [0x00000000c2400000,0x00000000c2400000,0x00000000c4d20000)
 PSPermGen       total 21248K, used 9342K [0x00000000bd200000, 0x00000000be6c0000, 0x00000000c2400000)
  object space 21248K, 43% used [0x00000000bd200000,0x00000000bdb1fa70,0x00000000be6c0000)

Code Cache  [0x00000000027c0000, 0x0000000002a30000, 0x00000000057c0000)
 total_blobs=419 nmethods=73 adapters=307 free_code_cache=49646656 largest_free_block=25984

Dynamic libraries:
0x0000000000400000 - 0x000000000042f000 	C:\Program Files\Java\jdk1.6.0_45\bin\javaw.exe
0x00007ff893ed0000 - 0x00007ff894091000 	C:\Windows\SYSTEM32\ntdll.dll
0x00007ff8912d0000 - 0x00007ff89137d000 	C:\Windows\system32\KERNEL32.DLL
0x00007ff890fb0000 - 0x00007ff891198000 	C:\Windows\system32\KERNELBASE.dll
0x00007ff8930c0000 - 0x00007ff893167000 	C:\Windows\system32\ADVAPI32.dll
0x00007ff893ad0000 - 0x00007ff893b6d000 	C:\Windows\system32\msvcrt.dll
0x00007ff892e00000 - 0x00007ff892e5b000 	C:\Windows\system32\sechost.dll
0x00007ff8939b0000 - 0x00007ff893acc000 	C:\Windows\system32\RPCRT4.dll
0x00007ff892ca0000 - 0x00007ff892df6000 	C:\Windows\system32\USER32.dll
0x00007ff8933f0000 - 0x00007ff893576000 	C:\Windows\system32\GDI32.dll
0x00007ff893d40000 - 0x00007ff893d7b000 	C:\Windows\system32\IMM32.DLL
0x000000006d8e0000 - 0x000000006e09c000 	C:\Program Files\Java\jdk1.6.0_45\jre\bin\server\jvm.dll
0x00007ff88e830000 - 0x00007ff88e853000 	C:\Windows\SYSTEM32\WINMM.dll
0x0000000000430000 - 0x000000000045c000 	C:\Windows\SYSTEM32\WINMMBASE.dll
0x00007ff891280000 - 0x00007ff8912c3000 	C:\Windows\system32\cfgmgr32.dll
0x000000006d850000 - 0x000000006d85e000 	C:\Program Files\Java\jdk1.6.0_45\jre\bin\verify.dll
0x000000006d460000 - 0x000000006d487000 	C:\Program Files\Java\jdk1.6.0_45\jre\bin\java.dll
0x000000006d4d0000 - 0x000000006d504000 	C:\Program Files\Java\jdk1.6.0_45\jre\bin\jdwp.dll
0x000000006d6f0000 - 0x000000006d6f8000 	C:\Program Files\Java\jdk1.6.0_45\jre\bin\npt.dll
0x000000006d8a0000 - 0x000000006d8b2000 	C:\Program Files\Java\jdk1.6.0_45\jre\bin\zip.dll
0x000000006d310000 - 0x000000006d319000 	C:\Program Files\Java\jdk1.6.0_45\jre\bin\dt_socket.dll
0x00007ff892e60000 - 0x00007ff892ecb000 	C:\Windows\system32\WS2_32.dll
0x00007ff87dfc0000 - 0x00007ff87dfd6000 	C:\Windows\system32\napinsp.dll
0x00007ff87dfe0000 - 0x00007ff87dffa000 	C:\Windows\system32\pnrpnsp.dll
0x00007ff88d690000 - 0x00007ff88d6a8000 	C:\Windows\system32\NLAapi.dll
0x00007ff88fdc0000 - 0x00007ff88fe1c000 	C:\Windows\System32\mswsock.dll
0x00007ff88ef60000 - 0x00007ff88f00a000 	C:\Windows\SYSTEM32\DNSAPI.dll
0x00007ff891380000 - 0x00007ff891388000 	C:\Windows\system32\NSI.dll
0x00007ff87e000000 - 0x00007ff87e00d000 	C:\Windows\System32\winrnr.dll
0x00007ff87e030000 - 0x00007ff87e045000 	C:\Windows\System32\wshbth.dll
0x0000000076510000 - 0x0000000076536000 	C:\Program Files\Bonjour\mdnsNSP.dll
0x00007ff8851f0000 - 0x00007ff885228000 	C:\Windows\SYSTEM32\Iphlpapi.DLL
0x00007ff885180000 - 0x00007ff8851e7000 	C:\Windows\System32\fwpuclnt.dll
0x00007ff890420000 - 0x00007ff890449000 	C:\Windows\SYSTEM32\bcrypt.dll
0x00007ff8830e0000 - 0x00007ff8830ea000 	C:\Windows\System32\rasadhlp.dll
0x000000006d0a0000 - 0x000000006d264000 	C:\Program Files\Java\jdk1.6.0_45\jre\bin\awt.dll
0x00007ff893d80000 - 0x00007ff893ec3000 	C:\Windows\system32\ole32.dll
0x00007ff893170000 - 0x00007ff8933ed000 	C:\Windows\system32\combase.dll
0x00007ff885710000 - 0x00007ff885794000 	C:\Windows\SYSTEM32\WINSPOOL.DRV
0x00007ff890580000 - 0x00007ff8905ea000 	C:\Windows\system32\bcryptPrimitives.dll
0x00007ff8913f0000 - 0x00007ff89294f000 	C:\Windows\system32\SHELL32.dll
0x00007ff890850000 - 0x00007ff890e94000 	C:\Windows\system32\windows.storage.dll
0x00007ff891390000 - 0x00007ff8913e2000 	C:\Windows\system32\shlwapi.dll
0x00007ff890520000 - 0x00007ff89052f000 	C:\Windows\system32\kernel.appcore.dll
0x00007ff8911c0000 - 0x00007ff891275000 	C:\Windows\system32\shcore.dll
0x00007ff890530000 - 0x00007ff89057b000 	C:\Windows\system32\powrprof.dll
0x00007ff8904f0000 - 0x00007ff890504000 	C:\Windows\system32\profapi.dll
0x00007ff8853f0000 - 0x00007ff885664000 	C:\Windows\WinSxS\amd64_microsoft.windows.common-controls_6595b64144ccf1df_6.0.10586.0_none_8c15ae12515e1c22\COMCTL32.dll
0x00007ff88ece0000 - 0x00007ff88ed59000 	C:\Windows\system32\apphelp.dll
0x00007ff88e3c0000 - 0x00007ff88e3e2000 	C:\Windows\system32\DWMAPI.DLL
0x00007ff88ee70000 - 0x00007ff88ef06000 	C:\Windows\system32\uxtheme.dll
0x00007ff893b70000 - 0x00007ff893cca000 	C:\Windows\system32\MSCTF.dll
0x00007ff884900000 - 0x00007ff884919000 	C:\Program Files (x86)\Smadav\SmadHook64.dll
0x00007ff8862f0000 - 0x00007ff8862fa000 	C:\Windows\SYSTEM32\VERSION.dll
0x000000006d340000 - 0x000000006d3b5000 	C:\Program Files\Java\jdk1.6.0_45\jre\bin\fontmanager.dll
0x000000006d6c0000 - 0x000000006d6d7000 	C:\Program Files\Java\jdk1.6.0_45\jre\bin\net.dll
0x000000006d6e0000 - 0x000000006d6ec000 	C:\Program Files\Java\jdk1.6.0_45\jre\bin\nio.dll
0x00007ff892f40000 - 0x00007ff892f48000 	C:\Windows\system32\PSAPI.DLL

VM Arguments:
jvm_args: -agentlib:jdwp=transport=dt_socket,suspend=y,address=localhost:52586 -Dfile.encoding=Cp1252 
java_command: CheckerboardKarel code=CheckerboardKarel.class
Launcher Type: SUN_STANDARD

Environment Variables:
CLASSPATH=.;C:\Program Files (x86)\QuickTime\QTSystem\QTJava.zip
PATH=C:\Program Files\Java\jdk1.6.0_45\jre\bin;C:/Program Files/Java/jdk1.8.0_101/bin/../jre/bin/server;C:/Program Files/Java/jdk1.8.0_101/bin/../jre/bin;C:/Program Files/Java/jdk1.8.0_101/bin/../jre/lib/amd64;C:\Program Files\Java\jdk1.8.0_101\bin;C:\Windows\system32;C:\Windows;C:\Windows\System32\Wbem;C:\Windows\System32\WindowsPowerShell\v1.0\;C:\Program Files (x86)\QuickTime\QTSystem\;C:\Program Files (x86)\Skype\Phone\;C:\Program Files\Git\cmd;C:\Users\PC\Desktop\eclipse;
USERNAME=PC
OS=Windows_NT
PROCESSOR_IDENTIFIER=Intel64 Family 6 Model 76 Stepping 3, GenuineIntel



---------------  S Y S T E M  ---------------

OS: Windows 8 , 64 bit Build 9200 

CPU:total 4 (4 cores per cpu, 1 threads per core) family 6 model 76 stepping 3, cmov, cx8, fxsr, mmx, sse, sse2, sse3, ssse3, sse4.1, sse4.2, popcnt

Memory: 4k page, physical 4039024k(770192k free), swap 7764320k(1498152k free)

vm_info: Java HotSpot(TM) 64-Bit Server VM (20.45-b01) for windows-amd64 JRE (1.6.0_45-b06), built on Apr  1 2013 12:31:37 by "java_re" with MS VC++ 8.0 (VS2005)

time: Wed May 31 15:42:44 2017
elapsed time: 10 seconds

